<?xml version="1.0" encoding="UTF-8"?>
<testng-results ignored="0" total="1" passed="1" failed="0" skipped="0">
  <reporter-output>
  </reporter-output>
  <suite started-at="2024-11-12T10:22:35 EST" name="Default suite" finished-at="2024-11-12T10:23:04 EST" duration-ms="28720">
    <groups>
    </groups>
    <test started-at="2024-11-12T10:22:35 EST" name="Default test" finished-at="2024-11-12T10:23:04 EST" duration-ms="28720">
      <class name="com.target.targetshoppingwebsite.practicetest.SampleTest1">
        <test-method signature="testWithConstructor()[pri:0, instance:com.target.targetshoppingwebsite.practicetest.SampleTest1@74e28667]" started-at="2024-11-12T10:22:36 EST" name="testWithConstructor" finished-at="2024-11-12T10:23:04 EST" duration-ms="28632" status="PASS">
          <reporter-output>
          </reporter-output>
        </test-method> <!-- testWithConstructor -->
      </class> <!-- com.target.targetshoppingwebsite.practicetest.SampleTest1 -->
    </test> <!-- Default test -->
  </suite> <!-- Default suite -->
</testng-results>
